2026-01-18 23:37:18,395 - entry - INFO - 
Windows IP 配置


以太网适配器 以太网:

   连接特定的 DNS 后缀 . . . . . . . : 
   IPv6 地址 . . . . . . . . . . . . : 240e:38c:8bf6:1000:f94c:8049:a1df:9620
   本地链接 IPv6 地址. . . . . . . . : fe80::d610:cc86:26c6:d9ae%16
   IPv4 地址 . . . . . . . . . . . . : 192.168.71.77
   子网掩码  . . . . . . . . . . . . : 255.255.255.0
   默认网关. . . . . . . . . . . . . : fe80::1225:7cc9:26ef:516%16
                                       192.168.71.1

无线局域网适配器 WLAN:

   媒体状态  . . . . . . . . . . . . : 媒体已断开连接
   连接特定的 DNS 后缀 . . . . . . . : 

无线局域网适配器 本地连接* 1:

   媒体状态  . . . . . . . . . . . . : 媒体已断开连接
   连接特定的 DNS 后缀 . . . . . . . : 

无线局域网适配器 本地连接* 10:

   媒体状态  . . . . . . . . . . . . : 媒体已断开连接
   连接特定的 DNS 后缀 . . . . . . . : 

以太网适配器 VMware Network Adapter VMnet1:

   连接特定的 DNS 后缀 . . . . . . . : 
   本地链接 IPv6 地址. . . . . . . . : fe80::a499:9bc0:3e58:b646%5
   IPv4 地址 . . . . . . . . . . . . : 192.168.137.1
   子网掩码  . . . . . . . . . . . . : 255.255.255.0
   默认网关. . . . . . . . . . . . . : 

以太网适配器 VMware Network Adapter VMnet8:

   连接特定的 DNS 后缀 . . . . . . . : 
   本地链接 IPv6 地址. . . . . . . . : fe80::cc9d:7c71:b40a:9706%7
   自动配置 IPv4 地址  . . . . . . . : 169.254.116.44
   子网掩码  . . . . . . . . . . . . : 255.255.0.0
   默认网关. . . . . . . . . . . . . : 

以太网适配器 蓝牙网络连接:

   媒体状态  . . . . . . . . . . . . : 媒体已断开连接
   连接特定的 DNS 后缀 . . . . . . . : 

2026-01-18 23:37:21,412 - entry - INFO - shell fail: date
